2024-01-16 16:11:23.965 INFO  (main) [] o.e.j.s.Server jetty-10.0.17; built: 2023-10-09T18:22:21.150Z; git: af15f12297adf5c5083e1f2f8f4c5974438bca25; jvm 17.0.9+9
2024-01-16 16:11:24.232 WARN  (main) [] o.e.j.u.DeprecationWarning Using @Deprecated Class org.eclipse.jetty.servlet.listener.ELContextCleaner
2024-01-16 16:11:24.253 INFO  (main) [] o.a.s.s.CoreContainerProvider Using logger factory org.apache.logging.slf4j.Log4jLoggerFactory
2024-01-16 16:11:24.260 INFO  (main) [] o.a.s.s.CoreContainerProvider  ___      _       Welcome to Apache Solr™ version 9.4.0
2024-01-16 16:11:24.260 INFO  (main) [] o.a.s.s.CoreContainerProvider / __| ___| |_ _   Starting in standalone mode on port 8983
2024-01-16 16:11:24.260 INFO  (main) [] o.a.s.s.CoreContainerProvider \__ \/ _ \ | '_|  Install dir: /opt/solr-9.4.0
2024-01-16 16:11:24.260 INFO  (main) [] o.a.s.s.CoreContainerProvider |___/\___/_|_|    Start time: 2024-01-16T16:11:24.260589955Z
2024-01-16 16:11:24.263 INFO  (main) [] o.a.s.s.CoreContainerProvider Solr started with "-XX:+CrashOnOutOfMemoryError" that will crash on any OutOfMemoryError exception. The cause of the OOME will be logged in the crash file at the following path: /var/solr/logs/jvm_crash_12.log
2024-01-16 16:11:24.284 INFO  (main) [] o.a.s.s.CoreContainerProvider Solr Home: /var/solr/data (source: system property: solr.solr.home)
2024-01-16 16:11:24.300 INFO  (main) [] o.a.s.c.SolrXmlConfig solr.xml not found in SOLR_HOME, using built-in default
2024-01-16 16:11:24.300 INFO  (main) [] o.a.s.c.SolrXmlConfig Loading solr.xml from /opt/solr-9.4.0/server/solr/solr.xml
2024-01-16 16:11:24.340 INFO  (main) [] o.a.s.c.SolrResourceLoader Added 1 libs to classloader, from paths: [/opt/solr-9.4.0/lib]
2024-01-16 16:11:25.041 INFO  (main) [] o.a.s.u.t.SimplePropagator Always-on trace id generation enabled.
2024-01-16 16:11:25.504 WARN  (main) [] o.a.s.u.StartupLoggingUtils Jetty request logging enabled. Will retain logs for last 3 days. See chapter "Configuring Logging" in reference guide for how to configure.
2024-01-16 16:11:25.508 WARN  (main) [] o.a.s.c.CoreContainer Not all security plugins configured!  authentication=disabled authorization=disabled.  Solr is only as secure as you make it. Consider configuring authentication/authorization before exposing Solr to users internal or external.  See https://s.apache.org/solrsecurity for more info
2024-01-16 16:11:25.963 INFO  (main) [] o.a.s.c.CorePropertiesLocator Found 1 core definitions underneath /var/solr/data
2024-01-16 16:11:25.964 INFO  (main) [] o.a.s.c.CorePropertiesLocator Cores are: [new_core]
2024-01-16 16:11:26.049 INFO  (coreLoadExecutor-11-thread-1) [ x:new_core] o.a.s.c.SolrConfig Using Lucene MatchVersion: 9.8.0
2024-01-16 16:11:26.248 INFO  (coreLoadExecutor-11-thread-1) [ x:new_core] o.a.s.s.IndexSchema Schema name=default-config
2024-01-16 16:11:26.358 WARN  (coreLoadExecutor-11-thread-1) [ x:new_core] o.a.s.D.s.TrieDateField Solr loaded a deprecated plugin/analysis class [solr.TrieDateField]. Please consult documentation how to replace it accordingly.
2024-01-16 16:11:26.391 WARN  (main) [] o.g.j.m.i.MessagingBinders A class javax.activation.DataSource for a default provider MessageBodyWriter<javax.activation.DataSource> was not found. The provider is not available.
2024-01-16 16:11:26.409 WARN  (coreLoadExecutor-11-thread-1) [ x:new_core] o.a.s.D.s.TrieIntField Solr loaded a deprecated plugin/analysis class [solr.TrieIntField]. Please consult documentation how to replace it accordingly.
2024-01-16 16:11:27.006 INFO  (main) [] o.a.s.j.SolrRequestAuthorizer Creating a new SolrRequestAuthorizer
2024-01-16 16:11:27.281 INFO  (main) [] o.e.j.s.h.ContextHandler Started o.e.j.w.WebAppContext@1df98368{solr-jetty-context.xml,/solr,file:///opt/solr-9.4.0/server/solr-webapp/webapp/,AVAILABLE}{/opt/solr-9.4.0/server/solr-webapp/webapp}
2024-01-16 16:11:27.300 INFO  (main) [] o.e.j.s.RequestLogWriter Opened /var/solr/logs/2024_01_16.request.log
2024-01-16 16:11:27.307 INFO  (main) [] o.e.j.s.AbstractConnector Started ServerConnector@618c5d94{HTTP/1.1, (http/1.1, h2c)}{0.0.0.0:8983}
2024-01-16 16:11:27.309 INFO  (main) [] o.e.j.s.Server Started Server@2c3dec30{STARTING}[10.0.17,sto=0] @4542ms
2024-01-16 16:11:27.402 INFO  (coreLoadExecutor-11-thread-1) [ x:new_core] o.a.s.s.IndexSchema Loaded schema default-config/1.6 with uniqueid field id
2024-01-16 16:11:27.402 INFO  (coreLoadExecutor-11-thread-1) [ x:new_core] o.a.s.c.CoreContainer Creating SolrCore 'new_core' using configuration from instancedir /var/solr/data/gettingstarted, trusted=true
2024-01-16 16:11:27.475 INFO  (coreLoadExecutor-11-thread-1) [ x:new_core] o.a.s.c.SolrCore Opening new SolrCore at [/var/solr/data/gettingstarted], dataDir=[/var/solr/data/gettingstarted/data/]
2024-01-16 16:11:28.535 INFO  (coreLoadExecutor-11-thread-1) [ x:new_core] o.a.s.j.SolrRequestAuthorizer Creating a new SolrRequestAuthorizer
2024-01-16 16:11:28.577 INFO  (coreLoadExecutor-11-thread-1) [ x:new_core] o.a.s.u.UpdateHandler Using UpdateLog implementation: org.apache.solr.update.UpdateLog
2024-01-16 16:11:28.578 INFO  (coreLoadExecutor-11-thread-1) [ x:new_core] o.a.s.u.UpdateLog Initializing UpdateLog: dataDir= defaultSyncLevel=FLUSH numRecordsToKeep=100 maxNumLogsToKeep=10 numVersionBuckets=65536
2024-01-16 16:11:28.711 INFO  (coreLoadExecutor-11-thread-1) [ x:new_core] o.a.s.u.CommitTracker Hard AutoCommit: if uncommitted for 15000ms; 
2024-01-16 16:11:28.711 INFO  (coreLoadExecutor-11-thread-1) [ x:new_core] o.a.s.u.CommitTracker Soft AutoCommit: if uncommitted for 3000ms; 
2024-01-16 16:11:29.129 INFO  (coreLoadExecutor-11-thread-1) [ x:new_core] o.a.s.r.ManagedResourceStorage File-based storage initialized to use dir: /var/solr/data/gettingstarted/conf
2024-01-16 16:11:29.145 INFO  (coreLoadExecutor-11-thread-1) [ x:new_core] o.a.s.s.DirectSolrSpellChecker init: {accuracy=0.5, maxQueryFrequency=0.01, name=default, field=_text_, classname=solr.DirectSolrSpellChecker, distanceMeasure=internal, maxEdits=2, minPrefix=1, maxInspections=5, minQueryLength=4}
2024-01-16 16:11:29.153 INFO  (coreLoadExecutor-11-thread-1) [ x:new_core] o.a.s.h.ReplicationHandler Commits will be reserved for 10000 ms
2024-01-16 16:11:29.170 INFO  (searcherExecutor-13-thread-1-processing-new_core) [ x:new_core] o.a.s.c.QuerySenderListener QuerySenderListener done.
2024-01-16 16:11:29.170 INFO  (searcherExecutor-13-thread-1-processing-new_core) [ x:new_core] o.a.s.h.c.SpellCheckComponent Loading spell index for spellchecker: default
2024-01-16 16:11:29.175 INFO  (searcherExecutor-13-thread-1-processing-new_core) [ x:new_core] o.a.s.c.SolrCore Registered new searcher autowarm time: 0 ms
